<?xml version="1.0" encoding="UTF-8"?>
<!-- Generated by org.testng.reporters.JUnitReportReporter -->
<testsuite skipped="0" hostname="DESKTOP-4R8L4BL" name="Domashka2" tests="1" failures="0" timestamp="09 дек 2021 15:11:47 GMT" time="0.006" errors="0">
  <testcase name="test" time="0.006" classname="Domashka2"/>
</testsuite> <!-- Domashka2 -->
